Gym has been unmaintained since 2022 and does not support NumPy 2.0 amongst other critical functionality.
Please upgrade to Gymnasium, the maintained drop-in replacement of Gym, or contact the authors of your software and request that they upgrade.
Users of this version of Gym should be able to simply replace 'import gym' with 'import gymnasium as gym' in the vast majority of cases.
See the migration guide at https://gymnasium.farama.org/introduction/migration_guide/ for additional information.
[GNN] episodes=30000  start_ep=0  ckpt_dir=checkpoints/gnn
GNN    rollout     0 | recent=-0.95 | best=-inf
*** NEW BEST GNN    (avg=2.17) at rollout 6 ***
*** NEW BEST GNN    (avg=2.45) at rollout 15 ***
*** NEW BEST GNN    (avg=2.59) at rollout 16 ***
*** NEW BEST GNN    (avg=3.14) at rollout 18 ***
*** NEW BEST GNN    (avg=3.14) at rollout 31 ***
*** NEW BEST GNN    (avg=3.87) at rollout 32 ***
*** NEW BEST GNN    (avg=3.90) at rollout 51 ***
*** NEW BEST GNN    (avg=3.92) at rollout 52 ***
*** NEW BEST GNN    (avg=5.32) at rollout 53 ***
*** NEW BEST GNN    (avg=5.95) at rollout 54 ***
*** NEW BEST GNN    (avg=6.32) at rollout 74 ***
*** NEW BEST GNN    (avg=6.70) at rollout 77 ***
*** NEW BEST GNN    (avg=7.12) at rollout 87 ***
*** NEW BEST GNN    (avg=7.72) at rollout 88 ***
*** NEW BEST GNN    (avg=7.81) at rollout 89 ***
*** NEW BEST GNN    (avg=7.81) at rollout 91 ***
GNN    rollout   100 | recent=5.46 | best=7.81
*** NEW BEST GNN    (avg=7.98) at rollout 113 ***
*** NEW BEST GNN    (avg=9.43) at rollout 114 ***
*** NEW BEST GNN    (avg=10.00) at rollout 120 ***
*** NEW BEST GNN    (avg=11.28) at rollout 121 ***
*** NEW BEST GNN    (avg=11.29) at rollout 140 ***
*** NEW BEST GNN    (avg=11.42) at rollout 149 ***
*** NEW BEST GNN    (avg=12.15) at rollout 168 ***
*** NEW BEST GNN    (avg=12.83) at rollout 169 ***
*** NEW BEST GNN    (avg=13.08) at rollout 172 ***
*** NEW BEST GNN    (avg=13.46) at rollout 190 ***
*** NEW BEST GNN    (avg=13.54) at rollout 191 ***
GNN    rollout   200 | recent=12.11 | best=13.54
*** NEW BEST GNN    (avg=13.70) at rollout 219 ***
*** NEW BEST GNN    (avg=13.75) at rollout 240 ***
*** NEW BEST GNN    (avg=13.98) at rollout 242 ***
GNN    rollout   300 | recent=13.89 | best=13.98
*** NEW BEST GNN    (avg=14.02) at rollout 372 ***
GNN    rollout   400 | recent=11.19 | best=14.02
*** NEW BEST GNN    (avg=14.04) at rollout 438 ***
*** NEW BEST GNN    (avg=14.06) at rollout 440 ***
*** NEW BEST GNN    (avg=14.14) at rollout 465 ***
GNN    rollout   500 | recent=14.00 | best=14.14
[GNN] checkpoint saved → ep=500
*** NEW BEST GNN    (avg=14.17) at rollout 596 ***
GNN    rollout   600 | recent=12.67 | best=14.17
*** NEW BEST GNN    (avg=14.18) at rollout 615 ***
*** NEW BEST GNN    (avg=14.23) at rollout 642 ***
GNN    rollout   700 | recent=14.17 | best=14.23
GNN    rollout   800 | recent=11.37 | best=14.23
*** NEW BEST GNN    (avg=14.23) at rollout 851 ***
*** NEW BEST GNN    (avg=14.24) at rollout 852 ***
*** NEW BEST GNN    (avg=14.24) at rollout 865 ***
*** NEW BEST GNN    (avg=14.26) at rollout 875 ***
GNN    rollout   900 | recent=12.81 | best=14.26
*** NEW BEST GNN    (avg=14.26) at rollout 927 ***
*** NEW BEST GNN    (avg=14.26) at rollout 975 ***
GNN    rollout  1000 | recent=14.13 | best=14.26
[GNN] checkpoint saved → ep=1000
*** NEW BEST GNN    (avg=14.26) at rollout 1032 ***
*** NEW BEST GNN    (avg=14.27) at rollout 1033 ***
*** NEW BEST GNN    (avg=14.27) at rollout 1086 ***
*** NEW BEST GNN    (avg=14.27) at rollout 1088 ***
GNN    rollout  1100 | recent=14.27 | best=14.27
*** NEW BEST GNN    (avg=14.27) at rollout 1197 ***
GNN    rollout  1200 | recent=14.27 | best=14.27
*** NEW BEST GNN    (avg=14.27) at rollout 1209 ***
*** NEW BEST GNN    (avg=14.28) at rollout 1230 ***
GNN    rollout  1300 | recent=14.27 | best=14.28
*** NEW BEST GNN    (avg=14.28) at rollout 1320 ***
*** NEW BEST GNN    (avg=14.28) at rollout 1352 ***
*** NEW BEST GNN    (avg=14.28) at rollout 1367 ***
*** NEW BEST GNN    (avg=14.28) at rollout 1381 ***
*** NEW BEST GNN    (avg=14.28) at rollout 1382 ***
GNN    rollout  1400 | recent=14.28 | best=14.28
*** NEW BEST GNN    (avg=14.29) at rollout 1430 ***
GNN    rollout  1500 | recent=12.78 | best=14.29
[GNN] checkpoint saved → ep=1500
*** NEW BEST GNN    (avg=14.29) at rollout 1535 ***
*** NEW BEST GNN    (avg=14.29) at rollout 1587 ***
GNN    rollout  1600 | recent=14.12 | best=14.29
*** NEW BEST GNN    (avg=14.29) at rollout 1612 ***
GNN    rollout  1700 | recent=14.28 | best=14.29
GNN    rollout  1800 | recent=14.29 | best=14.29
*** NEW BEST GNN    (avg=14.29) at rollout 1838 ***
GNN    rollout  1900 | recent=14.28 | best=14.29
GNN    rollout  2000 | recent=14.28 | best=14.29
[GNN] checkpoint saved → ep=2000
*** NEW BEST GNN    (avg=14.29) at rollout 2015 ***
*** NEW BEST GNN    (avg=14.29) at rollout 2057 ***
*** NEW BEST GNN    (avg=14.29) at rollout 2074 ***
GNN    rollout  2100 | recent=14.29 | best=14.29
GNN    rollout  2200 | recent=14.29 | best=14.29
GNN    rollout  2300 | recent=14.27 | best=14.29
GNN    rollout  2400 | recent=14.29 | best=14.29
*** NEW BEST GNN    (avg=14.29) at rollout 2401 ***
GNN    rollout  2500 | recent=14.29 | best=14.29
[GNN] checkpoint saved → ep=2500
GNN    rollout  2600 | recent=14.29 | best=14.29
GNN    rollout  2700 | recent=14.27 | best=14.29
GNN    rollout  2800 | recent=14.24 | best=14.29
GNN    rollout  2900 | recent=14.15 | best=14.29
GNN    rollout  3000 | recent=14.28 | best=14.29
[GNN] checkpoint saved → ep=3000
GNN    rollout  3100 | recent=14.29 | best=14.29
GNN    rollout  3200 | recent=14.27 | best=14.29
GNN    rollout  3300 | recent=14.28 | best=14.29
GNN    rollout  3400 | recent=14.15 | best=14.29
GNN    rollout  3500 | recent=14.29 | best=14.29
[GNN] checkpoint saved → ep=3500
GNN    rollout  3600 | recent=14.28 | best=14.29
GNN    rollout  3700 | recent=14.27 | best=14.29
GNN    rollout  3800 | recent=14.28 | best=14.29
GNN    rollout  3900 | recent=14.25 | best=14.29
GNN    rollout  4000 | recent=14.29 | best=14.29
[GNN] checkpoint saved → ep=4000
GNN    rollout  4100 | recent=14.28 | best=14.29
GNN    rollout  4200 | recent=14.28 | best=14.29
GNN    rollout  4300 | recent=14.20 | best=14.29
GNN    rollout  4400 | recent=14.28 | best=14.29
GNN    rollout  4500 | recent=14.28 | best=14.29
[GNN] checkpoint saved → ep=4500
GNN    rollout  4600 | recent=14.29 | best=14.29
GNN    rollout  4700 | recent=14.28 | best=14.29
GNN    rollout  4800 | recent=14.28 | best=14.29
GNN    rollout  4900 | recent=14.28 | best=14.29
GNN    rollout  5000 | recent=14.28 | best=14.29
[GNN] checkpoint saved → ep=5000
GNN    rollout  5100 | recent=14.28 | best=14.29
GNN    rollout  5200 | recent=14.28 | best=14.29
GNN    rollout  5300 | recent=14.28 | best=14.29
GNN    rollout  5400 | recent=14.29 | best=14.29
GNN    rollout  5500 | recent=14.28 | best=14.29
[GNN] checkpoint saved → ep=5500
GNN    rollout  5600 | recent=14.28 | best=14.29
GNN    rollout  5700 | recent=12.45 | best=14.29
GNN    rollout  5800 | recent=14.29 | best=14.29
GNN    rollout  5900 | recent=11.47 | best=14.29
GNN    rollout  6000 | recent=14.29 | best=14.29
[GNN] checkpoint saved → ep=6000
GNN    rollout  6100 | recent=14.28 | best=14.29
GNN    rollout  6200 | recent=14.29 | best=14.29
GNN    rollout  6300 | recent=14.27 | best=14.29
GNN    rollout  6400 | recent=14.28 | best=14.29
GNN    rollout  6500 | recent=14.29 | best=14.29
[GNN] checkpoint saved → ep=6500
GNN    rollout  6600 | recent=14.28 | best=14.29
GNN    rollout  6700 | recent=14.29 | best=14.29
GNN    rollout  6800 | recent=12.52 | best=14.29
GNN    rollout  6900 | recent=14.28 | best=14.29
GNN    rollout  7000 | recent=1.14 | best=14.29
[GNN] checkpoint saved → ep=7000
GNN    rollout  7100 | recent=14.26 | best=14.29
GNN    rollout  7200 | recent=14.28 | best=14.29
GNN    rollout  7300 | recent=14.28 | best=14.29
GNN    rollout  7400 | recent=14.28 | best=14.29
GNN    rollout  7500 | recent=14.28 | best=14.29
[GNN] checkpoint saved → ep=7500
GNN    rollout  7600 | recent=14.28 | best=14.29
GNN    rollout  7700 | recent=14.28 | best=14.29
GNN    rollout  7800 | recent=14.28 | best=14.29
GNN    rollout  7900 | recent=14.28 | best=14.29
GNN    rollout  8000 | recent=14.28 | best=14.29
[GNN] checkpoint saved → ep=8000
GNN    rollout  8100 | recent=14.28 | best=14.29
GNN    rollout  8200 | recent=14.28 | best=14.29
GNN    rollout  8300 | recent=14.28 | best=14.29
GNN    rollout  8400 | recent=14.28 | best=14.29
*** NEW BEST GNN    (avg=14.29) at rollout 8427 ***
GNN    rollout  8500 | recent=12.73 | best=14.29
[GNN] checkpoint saved → ep=8500
GNN    rollout  8600 | recent=14.28 | best=14.29
GNN    rollout  8700 | recent=14.28 | best=14.29
GNN    rollout  8800 | recent=14.28 | best=14.29
GNN    rollout  8900 | recent=14.28 | best=14.29
GNN    rollout  9000 | recent=14.28 | best=14.29
[GNN] checkpoint saved → ep=9000
GNN    rollout  9100 | recent=14.28 | best=14.29
GNN    rollout  9200 | recent=12.86 | best=14.29
GNN    rollout  9300 | recent=14.27 | best=14.29
GNN    rollout  9400 | recent=14.28 | best=14.29
GNN    rollout  9500 | recent=14.28 | best=14.29
[GNN] checkpoint saved → ep=9500
GNN    rollout  9600 | recent=14.29 | best=14.29
GNN    rollout  9700 | recent=12.77 | best=14.29
GNN    rollout  9800 | recent=14.28 | best=14.29
GNN    rollout  9900 | recent=14.28 | best=14.29
GNN    rollout 10000 | recent=14.29 | best=14.29
[GNN] checkpoint saved → ep=10000
GNN    rollout 10100 | recent=14.29 | best=14.29
GNN    rollout 10200 | recent=14.28 | best=14.29
GNN    rollout 10300 | recent=14.28 | best=14.29
GNN    rollout 10400 | recent=14.28 | best=14.29
GNN    rollout 10500 | recent=6.51 | best=14.29
[GNN] checkpoint saved → ep=10500
GNN    rollout 10600 | recent=0.47 | best=14.29
GNN    rollout 10700 | recent=14.27 | best=14.29
GNN    rollout 10800 | recent=14.28 | best=14.29
GNN    rollout 10900 | recent=14.28 | best=14.29
GNN    rollout 11000 | recent=14.29 | best=14.29
[GNN] checkpoint saved → ep=11000
GNN    rollout 11100 | recent=14.28 | best=14.29
GNN    rollout 11200 | recent=14.28 | best=14.29
GNN    rollout 11300 | recent=14.28 | best=14.29
GNN    rollout 11400 | recent=14.28 | best=14.29
GNN    rollout 11500 | recent=14.28 | best=14.29
[GNN] checkpoint saved → ep=11500
GNN    rollout 11600 | recent=14.28 | best=14.29
GNN    rollout 11700 | recent=14.28 | best=14.29
GNN    rollout 11800 | recent=14.28 | best=14.29
GNN    rollout 11900 | recent=14.28 | best=14.29
GNN    rollout 12000 | recent=14.28 | best=14.29
[GNN] checkpoint saved → ep=12000
GNN    rollout 12100 | recent=14.29 | best=14.29
GNN    rollout 12200 | recent=14.28 | best=14.29
GNN    rollout 12300 | recent=14.29 | best=14.29
GNN    rollout 12400 | recent=14.29 | best=14.29
GNN    rollout 12500 | recent=14.29 | best=14.29
[GNN] checkpoint saved → ep=12500
GNN    rollout 12600 | recent=14.29 | best=14.29
GNN    rollout 12700 | recent=14.28 | best=14.29
GNN    rollout 12800 | recent=12.92 | best=14.29
GNN    rollout 12900 | recent=14.28 | best=14.29
GNN    rollout 13000 | recent=14.29 | best=14.29
[GNN] checkpoint saved → ep=13000
GNN    rollout 13100 | recent=14.28 | best=14.29
GNN    rollout 13200 | recent=14.28 | best=14.29
GNN    rollout 13300 | recent=14.29 | best=14.29
GNN    rollout 13400 | recent=14.29 | best=14.29
GNN    rollout 13500 | recent=12.79 | best=14.29
[GNN] checkpoint saved → ep=13500
GNN    rollout 13600 | recent=14.29 | best=14.29
GNN    rollout 13700 | recent=14.28 | best=14.29
GNN    rollout 13800 | recent=14.27 | best=14.29
GNN    rollout 13900 | recent=12.62 | best=14.29
GNN    rollout 14000 | recent=14.29 | best=14.29
[GNN] checkpoint saved → ep=14000
*** NEW BEST GNN    (avg=14.29) at rollout 14004 ***
GNN    rollout 14100 | recent=14.28 | best=14.29
GNN    rollout 14200 | recent=14.29 | best=14.29
GNN    rollout 14300 | recent=11.31 | best=14.29
GNN    rollout 14400 | recent=12.77 | best=14.29
GNN    rollout 14500 | recent=14.28 | best=14.29
[GNN] checkpoint saved → ep=14500
GNN    rollout 14600 | recent=14.28 | best=14.29
GNN    rollout 14700 | recent=11.32 | best=14.29
GNN    rollout 14800 | recent=14.28 | best=14.29
GNN    rollout 14900 | recent=14.28 | best=14.29
GNN    rollout 15000 | recent=14.28 | best=14.29
[GNN] checkpoint saved → ep=15000
GNN    rollout 15100 | recent=14.26 | best=14.29
GNN    rollout 15200 | recent=14.28 | best=14.29
GNN    rollout 15300 | recent=14.27 | best=14.29
GNN    rollout 15400 | recent=14.28 | best=14.29
GNN    rollout 15500 | recent=14.17 | best=14.29
[GNN] checkpoint saved → ep=15500
GNN    rollout 15600 | recent=11.25 | best=14.29
GNN    rollout 15700 | recent=14.29 | best=14.29
GNN    rollout 15800 | recent=14.29 | best=14.29
GNN    rollout 15900 | recent=14.29 | best=14.29
GNN    rollout 16000 | recent=11.12 | best=14.29
[GNN] checkpoint saved → ep=16000
GNN    rollout 16100 | recent=11.25 | best=14.29
GNN    rollout 16200 | recent=14.27 | best=14.29
GNN    rollout 16300 | recent=14.27 | best=14.29
GNN    rollout 16400 | recent=14.28 | best=14.29
GNN    rollout 16500 | recent=12.71 | best=14.29
[GNN] checkpoint saved → ep=16500
GNN    rollout 16600 | recent=14.11 | best=14.29
GNN    rollout 16700 | recent=14.28 | best=14.29
GNN    rollout 16800 | recent=14.28 | best=14.29
GNN    rollout 16900 | recent=14.28 | best=14.29
GNN    rollout 17000 | recent=14.25 | best=14.29
[GNN] checkpoint saved → ep=17000
GNN    rollout 17100 | recent=14.28 | best=14.29
GNN    rollout 17200 | recent=14.28 | best=14.29
GNN    rollout 17300 | recent=12.92 | best=14.29
GNN    rollout 17400 | recent=14.16 | best=14.29
GNN    rollout 17500 | recent=12.88 | best=14.29
[GNN] checkpoint saved → ep=17500
GNN    rollout 17600 | recent=14.28 | best=14.29
GNN    rollout 17700 | recent=10.15 | best=14.29
GNN    rollout 17800 | recent=14.28 | best=14.29
GNN    rollout 17900 | recent=14.20 | best=14.29
GNN    rollout 18000 | recent=14.28 | best=14.29
[GNN] checkpoint saved → ep=18000
GNN    rollout 18100 | recent=14.28 | best=14.29
GNN    rollout 18200 | recent=14.29 | best=14.29
GNN    rollout 18300 | recent=14.27 | best=14.29
GNN    rollout 18400 | recent=14.27 | best=14.29
GNN    rollout 18500 | recent=14.28 | best=14.29
[GNN] checkpoint saved → ep=18500
GNN    rollout 18600 | recent=14.28 | best=14.29
GNN    rollout 18700 | recent=-1.24 | best=14.29
GNN    rollout 18800 | recent=14.28 | best=14.29
GNN    rollout 18900 | recent=14.28 | best=14.29
GNN    rollout 19000 | recent=14.29 | best=14.29
[GNN] checkpoint saved → ep=19000
GNN    rollout 19100 | recent=14.28 | best=14.29
GNN    rollout 19200 | recent=11.30 | best=14.29
GNN    rollout 19300 | recent=14.28 | best=14.29
GNN    rollout 19400 | recent=14.29 | best=14.29
GNN    rollout 19500 | recent=14.12 | best=14.29
[GNN] checkpoint saved → ep=19500
GNN    rollout 19600 | recent=14.28 | best=14.29
GNN    rollout 19700 | recent=14.29 | best=14.29
GNN    rollout 19800 | recent=14.29 | best=14.29
GNN    rollout 19900 | recent=14.27 | best=14.29
GNN    rollout 20000 | recent=14.29 | best=14.29
[GNN] checkpoint saved → ep=20000
GNN    rollout 20100 | recent=14.28 | best=14.29
GNN    rollout 20200 | recent=14.17 | best=14.29
GNN    rollout 20300 | recent=14.28 | best=14.29
GNN    rollout 20400 | recent=14.29 | best=14.29
GNN    rollout 20500 | recent=14.29 | best=14.29
[GNN] checkpoint saved → ep=20500
GNN    rollout 20600 | recent=14.28 | best=14.29
GNN    rollout 20700 | recent=14.28 | best=14.29
GNN    rollout 20800 | recent=14.28 | best=14.29
GNN    rollout 20900 | recent=14.28 | best=14.29
GNN    rollout 21000 | recent=4.81 | best=14.29
[GNN] checkpoint saved → ep=21000
GNN    rollout 21100 | recent=12.94 | best=14.29
GNN    rollout 21200 | recent=14.29 | best=14.29
GNN    rollout 21300 | recent=14.29 | best=14.29
GNN    rollout 21400 | recent=14.28 | best=14.29
GNN    rollout 21500 | recent=14.28 | best=14.29
[GNN] checkpoint saved → ep=21500
GNN    rollout 21600 | recent=14.29 | best=14.29
GNN    rollout 21700 | recent=14.28 | best=14.29
GNN    rollout 21800 | recent=14.28 | best=14.29
GNN    rollout 21900 | recent=14.29 | best=14.29
GNN    rollout 22000 | recent=14.28 | best=14.29
[GNN] checkpoint saved → ep=22000
GNN    rollout 22100 | recent=14.29 | best=14.29
GNN    rollout 22200 | recent=14.28 | best=14.29
GNN    rollout 22300 | recent=14.28 | best=14.29
GNN    rollout 22400 | recent=14.29 | best=14.29
GNN    rollout 22500 | recent=14.28 | best=14.29
[GNN] checkpoint saved → ep=22500
GNN    rollout 22600 | recent=14.28 | best=14.29
GNN    rollout 22700 | recent=14.28 | best=14.29
GNN    rollout 22800 | recent=14.28 | best=14.29
GNN    rollout 22900 | recent=14.28 | best=14.29
GNN    rollout 23000 | recent=14.28 | best=14.29
[GNN] checkpoint saved → ep=23000
GNN    rollout 23100 | recent=14.28 | best=14.29
GNN    rollout 23200 | recent=14.28 | best=14.29
GNN    rollout 23300 | recent=14.28 | best=14.29
GNN    rollout 23400 | recent=14.28 | best=14.29
GNN    rollout 23500 | recent=14.28 | best=14.29
[GNN] checkpoint saved → ep=23500
GNN    rollout 23600 | recent=14.29 | best=14.29
GNN    rollout 23700 | recent=14.29 | best=14.29
GNN    rollout 23800 | recent=14.28 | best=14.29
GNN    rollout 23900 | recent=14.29 | best=14.29
GNN    rollout 24000 | recent=14.28 | best=14.29
[GNN] checkpoint saved → ep=24000
GNN    rollout 24100 | recent=14.28 | best=14.29
GNN    rollout 24200 | recent=14.28 | best=14.29
GNN    rollout 24300 | recent=14.29 | best=14.29
GNN    rollout 24400 | recent=14.29 | best=14.29
GNN    rollout 24500 | recent=14.28 | best=14.29
[GNN] checkpoint saved → ep=24500
GNN    rollout 24600 | recent=14.28 | best=14.29
GNN    rollout 24700 | recent=14.29 | best=14.29
GNN    rollout 24800 | recent=14.28 | best=14.29
GNN    rollout 24900 | recent=12.86 | best=14.29
GNN    rollout 25000 | recent=11.49 | best=14.29
[GNN] checkpoint saved → ep=25000
GNN    rollout 25100 | recent=14.28 | best=14.29
GNN    rollout 25200 | recent=14.28 | best=14.29
GNN    rollout 25300 | recent=14.28 | best=14.29
GNN    rollout 25400 | recent=14.29 | best=14.29
GNN    rollout 25500 | recent=14.26 | best=14.29
[GNN] checkpoint saved → ep=25500
GNN    rollout 25600 | recent=14.29 | best=14.29
GNN    rollout 25700 | recent=14.26 | best=14.29
GNN    rollout 25800 | recent=14.28 | best=14.29
GNN    rollout 25900 | recent=14.29 | best=14.29
GNN    rollout 26000 | recent=14.28 | best=14.29
[GNN] checkpoint saved → ep=26000
GNN    rollout 26100 | recent=14.29 | best=14.29
GNN    rollout 26200 | recent=14.28 | best=14.29
GNN    rollout 26300 | recent=14.29 | best=14.29
GNN    rollout 26400 | recent=14.28 | best=14.29
GNN    rollout 26500 | recent=14.28 | best=14.29
[GNN] checkpoint saved → ep=26500
GNN    rollout 26600 | recent=14.24 | best=14.29
GNN    rollout 26700 | recent=14.28 | best=14.29
GNN    rollout 26800 | recent=14.28 | best=14.29
GNN    rollout 26900 | recent=14.28 | best=14.29
GNN    rollout 27000 | recent=14.28 | best=14.29
[GNN] checkpoint saved → ep=27000
GNN    rollout 27100 | recent=14.28 | best=14.29
GNN    rollout 27200 | recent=14.28 | best=14.29
GNN    rollout 27300 | recent=14.28 | best=14.29
GNN    rollout 27400 | recent=14.28 | best=14.29
GNN    rollout 27500 | recent=14.28 | best=14.29
[GNN] checkpoint saved → ep=27500
GNN    rollout 27600 | recent=14.28 | best=14.29
GNN    rollout 27700 | recent=14.28 | best=14.29
GNN    rollout 27800 | recent=14.29 | best=14.29
GNN    rollout 27900 | recent=14.28 | best=14.29
GNN    rollout 28000 | recent=14.29 | best=14.29
[GNN] checkpoint saved → ep=28000
GNN    rollout 28100 | recent=14.28 | best=14.29
GNN    rollout 28200 | recent=14.28 | best=14.29
GNN    rollout 28300 | recent=14.28 | best=14.29
GNN    rollout 28400 | recent=14.29 | best=14.29
GNN    rollout 28500 | recent=14.28 | best=14.29
[GNN] checkpoint saved → ep=28500
GNN    rollout 28600 | recent=14.28 | best=14.29
GNN    rollout 28700 | recent=14.28 | best=14.29
GNN    rollout 28800 | recent=14.28 | best=14.29
GNN    rollout 28900 | recent=14.28 | best=14.29
GNN    rollout 29000 | recent=14.28 | best=14.29
[GNN] checkpoint saved → ep=29000
GNN    rollout 29100 | recent=14.28 | best=14.29
GNN    rollout 29200 | recent=14.28 | best=14.29
GNN    rollout 29300 | recent=14.28 | best=14.29
GNN    rollout 29400 | recent=14.28 | best=14.29
GNN    rollout 29500 | recent=14.28 | best=14.29
[GNN] checkpoint saved → ep=29500
GNN    rollout 29600 | recent=14.27 | best=14.29
GNN    rollout 29700 | recent=14.29 | best=14.29
GNN    rollout 29800 | recent=14.28 | best=14.29
GNN    rollout 29900 | recent=14.29 | best=14.29
[GNN] checkpoint saved → ep=29999
[GNN] Done. Models saved to checkpoints/gnn/
