Gym has been unmaintained since 2022 and does not support NumPy 2.0 amongst other critical functionality.
Please upgrade to Gymnasium, the maintained drop-in replacement of Gym, or contact the authors of your software and request that they upgrade.
Users of this version of Gym should be able to simply replace 'import gym' with 'import gymnasium as gym' in the vast majority of cases.
See the migration guide at https://gymnasium.farama.org/introduction/migration_guide/ for additional information.
[H-rep] episodes=30000  start_ep=0  ckpt_dir=checkpoints/hrep
H-Rep rollout     0 | recent=-0.46 | best=-inf
*** NEW BEST H-REP  (avg=0.02) at rollout 6 ***
*** NEW BEST H-REP  (avg=0.12) at rollout 7 ***
*** NEW BEST H-REP  (avg=0.46) at rollout 13 ***
*** NEW BEST H-REP  (avg=1.17) at rollout 14 ***
*** NEW BEST H-REP  (avg=1.76) at rollout 15 ***
*** NEW BEST H-REP  (avg=1.78) at rollout 18 ***
*** NEW BEST H-REP  (avg=2.03) at rollout 25 ***
*** NEW BEST H-REP  (avg=2.04) at rollout 26 ***
*** NEW BEST H-REP  (avg=2.59) at rollout 33 ***
*** NEW BEST H-REP  (avg=2.71) at rollout 34 ***
*** NEW BEST H-REP  (avg=2.77) at rollout 57 ***
*** NEW BEST H-REP  (avg=2.84) at rollout 58 ***
*** NEW BEST H-REP  (avg=2.95) at rollout 59 ***
*** NEW BEST H-REP  (avg=3.51) at rollout 60 ***
*** NEW BEST H-REP  (avg=4.42) at rollout 72 ***
*** NEW BEST H-REP  (avg=4.66) at rollout 86 ***
*** NEW BEST H-REP  (avg=5.34) at rollout 87 ***
*** NEW BEST H-REP  (avg=6.64) at rollout 88 ***
*** NEW BEST H-REP  (avg=7.78) at rollout 89 ***
H-Rep rollout   100 | recent=5.14 | best=7.78
*** NEW BEST H-REP  (avg=9.33) at rollout 105 ***
*** NEW BEST H-REP  (avg=9.40) at rollout 123 ***
*** NEW BEST H-REP  (avg=9.88) at rollout 131 ***
*** NEW BEST H-REP  (avg=10.06) at rollout 132 ***
*** NEW BEST H-REP  (avg=10.68) at rollout 158 ***
*** NEW BEST H-REP  (avg=11.95) at rollout 159 ***
*** NEW BEST H-REP  (avg=12.59) at rollout 160 ***
*** NEW BEST H-REP  (avg=12.85) at rollout 173 ***
*** NEW BEST H-REP  (avg=13.48) at rollout 200 ***
H-Rep rollout   200 | recent=13.50 | best=13.48
*** NEW BEST H-REP  (avg=13.51) at rollout 213 ***
*** NEW BEST H-REP  (avg=13.55) at rollout 286 ***
*** NEW BEST H-REP  (avg=13.59) at rollout 287 ***
*** NEW BEST H-REP  (avg=13.64) at rollout 291 ***
H-Rep rollout   300 | recent=8.21 | best=13.64
*** NEW BEST H-REP  (avg=13.66) at rollout 303 ***
*** NEW BEST H-REP  (avg=13.77) at rollout 311 ***
*** NEW BEST H-REP  (avg=13.79) at rollout 312 ***
*** NEW BEST H-REP  (avg=13.83) at rollout 323 ***
*** NEW BEST H-REP  (avg=13.86) at rollout 374 ***
*** NEW BEST H-REP  (avg=13.92) at rollout 390 ***
*** NEW BEST H-REP  (avg=13.97) at rollout 392 ***
H-Rep rollout   400 | recent=13.75 | best=13.97
*** NEW BEST H-REP  (avg=13.98) at rollout 402 ***
*** NEW BEST H-REP  (avg=14.05) at rollout 414 ***
*** NEW BEST H-REP  (avg=14.06) at rollout 433 ***
*** NEW BEST H-REP  (avg=14.10) at rollout 437 ***
*** NEW BEST H-REP  (avg=14.11) at rollout 461 ***
*** NEW BEST H-REP  (avg=14.14) at rollout 465 ***
*** NEW BEST H-REP  (avg=14.16) at rollout 473 ***
*** NEW BEST H-REP  (avg=14.16) at rollout 490 ***
*** NEW BEST H-REP  (avg=14.18) at rollout 498 ***
H-Rep rollout   500 | recent=14.20 | best=14.18
[H-rep] checkpoint saved → ep=500
*** NEW BEST H-REP  (avg=14.19) at rollout 520 ***
*** NEW BEST H-REP  (avg=14.22) at rollout 523 ***
*** NEW BEST H-REP  (avg=14.22) at rollout 563 ***
*** NEW BEST H-REP  (avg=14.23) at rollout 574 ***
*** NEW BEST H-REP  (avg=14.23) at rollout 575 ***
*** NEW BEST H-REP  (avg=14.25) at rollout 585 ***
H-Rep rollout   600 | recent=14.18 | best=14.25
*** NEW BEST H-REP  (avg=14.26) at rollout 641 ***
*** NEW BEST H-REP  (avg=14.26) at rollout 658 ***
*** NEW BEST H-REP  (avg=14.27) at rollout 675 ***
*** NEW BEST H-REP  (avg=14.27) at rollout 676 ***
*** NEW BEST H-REP  (avg=14.27) at rollout 679 ***
H-Rep rollout   700 | recent=14.28 | best=14.27
*** NEW BEST H-REP  (avg=14.27) at rollout 706 ***
*** NEW BEST H-REP  (avg=14.27) at rollout 709 ***
*** NEW BEST H-REP  (avg=14.27) at rollout 713 ***
*** NEW BEST H-REP  (avg=14.28) at rollout 715 ***
*** NEW BEST H-REP  (avg=14.28) at rollout 756 ***
*** NEW BEST H-REP  (avg=14.28) at rollout 796 ***
H-Rep rollout   800 | recent=14.28 | best=14.28
H-Rep rollout   900 | recent=14.28 | best=14.28
*** NEW BEST H-REP  (avg=14.28) at rollout 923 ***
*** NEW BEST H-REP  (avg=14.28) at rollout 938 ***
*** NEW BEST H-REP  (avg=14.28) at rollout 939 ***
H-Rep rollout  1000 | recent=14.28 | best=14.28
[H-rep] checkpoint saved → ep=1000
*** NEW BEST H-REP  (avg=14.28) at rollout 1095 ***
H-Rep rollout  1100 | recent=14.28 | best=14.28
H-Rep rollout  1200 | recent=14.28 | best=14.28
H-Rep rollout  1300 | recent=14.28 | best=14.28
H-Rep rollout  1400 | recent=14.27 | best=14.28
H-Rep rollout  1500 | recent=14.28 | best=14.28
[H-rep] checkpoint saved → ep=1500
H-Rep rollout  1600 | recent=14.28 | best=14.28
H-Rep rollout  1700 | recent=14.28 | best=14.28
H-Rep rollout  1800 | recent=14.28 | best=14.28
H-Rep rollout  1900 | recent=14.28 | best=14.28
H-Rep rollout  2000 | recent=14.28 | best=14.28
[H-rep] checkpoint saved → ep=2000
*** NEW BEST H-REP  (avg=14.28) at rollout 2053 ***
H-Rep rollout  2100 | recent=14.28 | best=14.28
H-Rep rollout  2200 | recent=14.28 | best=14.28
H-Rep rollout  2300 | recent=14.28 | best=14.28
H-Rep rollout  2400 | recent=14.28 | best=14.28
H-Rep rollout  2500 | recent=14.28 | best=14.28
[H-rep] checkpoint saved → ep=2500
H-Rep rollout  2600 | recent=14.28 | best=14.28
H-Rep rollout  2700 | recent=14.28 | best=14.28
H-Rep rollout  2800 | recent=14.28 | best=14.28
*** NEW BEST H-REP  (avg=14.28) at rollout 2816 ***
*** NEW BEST H-REP  (avg=14.28) at rollout 2818 ***
H-Rep rollout  2900 | recent=14.28 | best=14.28
H-Rep rollout  3000 | recent=14.28 | best=14.28
[H-rep] checkpoint saved → ep=3000
H-Rep rollout  3100 | recent=14.28 | best=14.28
H-Rep rollout  3200 | recent=14.28 | best=14.28
H-Rep rollout  3300 | recent=14.28 | best=14.28
H-Rep rollout  3400 | recent=14.28 | best=14.28
H-Rep rollout  3500 | recent=14.28 | best=14.28
[H-rep] checkpoint saved → ep=3500
H-Rep rollout  3600 | recent=14.28 | best=14.28
H-Rep rollout  3700 | recent=14.28 | best=14.28
H-Rep rollout  3800 | recent=14.28 | best=14.28
H-Rep rollout  3900 | recent=14.28 | best=14.28
H-Rep rollout  4000 | recent=14.28 | best=14.28
[H-rep] checkpoint saved → ep=4000
H-Rep rollout  4100 | recent=14.28 | best=14.28
H-Rep rollout  4200 | recent=14.28 | best=14.28
H-Rep rollout  4300 | recent=14.28 | best=14.28
H-Rep rollout  4400 | recent=14.28 | best=14.28
H-Rep rollout  4500 | recent=14.28 | best=14.28
[H-rep] checkpoint saved → ep=4500
H-Rep rollout  4600 | recent=14.28 | best=14.28
H-Rep rollout  4700 | recent=14.28 | best=14.28
H-Rep rollout  4800 | recent=14.28 | best=14.28
H-Rep rollout  4900 | recent=14.28 | best=14.28
H-Rep rollout  5000 | recent=14.28 | best=14.28
[H-rep] checkpoint saved → ep=5000
H-Rep rollout  5100 | recent=14.28 | best=14.28
H-Rep rollout  5200 | recent=14.28 | best=14.28
H-Rep rollout  5300 | recent=14.28 | best=14.28
H-Rep rollout  5400 | recent=14.28 | best=14.28
H-Rep rollout  5500 | recent=14.28 | best=14.28
[H-rep] checkpoint saved → ep=5500
H-Rep rollout  5600 | recent=14.28 | best=14.28
H-Rep rollout  5700 | recent=14.28 | best=14.28
H-Rep rollout  5800 | recent=14.28 | best=14.28
H-Rep rollout  5900 | recent=14.28 | best=14.28
H-Rep rollout  6000 | recent=14.28 | best=14.28
[H-rep] checkpoint saved → ep=6000
H-Rep rollout  6100 | recent=14.28 | best=14.28
H-Rep rollout  6200 | recent=14.28 | best=14.28
H-Rep rollout  6300 | recent=14.28 | best=14.28
H-Rep rollout  6400 | recent=14.28 | best=14.28
H-Rep rollout  6500 | recent=14.28 | best=14.28
[H-rep] checkpoint saved → ep=6500
H-Rep rollout  6600 | recent=14.28 | best=14.28
H-Rep rollout  6700 | recent=14.28 | best=14.28
H-Rep rollout  6800 | recent=14.28 | best=14.28
H-Rep rollout  6900 | recent=14.28 | best=14.28
H-Rep rollout  7000 | recent=14.28 | best=14.28
[H-rep] checkpoint saved → ep=7000
H-Rep rollout  7100 | recent=14.28 | best=14.28
H-Rep rollout  7200 | recent=14.28 | best=14.28
H-Rep rollout  7300 | recent=14.28 | best=14.28
H-Rep rollout  7400 | recent=14.28 | best=14.28
H-Rep rollout  7500 | recent=14.28 | best=14.28
[H-rep] checkpoint saved → ep=7500
H-Rep rollout  7600 | recent=14.28 | best=14.28
H-Rep rollout  7700 | recent=14.28 | best=14.28
H-Rep rollout  7800 | recent=14.28 | best=14.28
H-Rep rollout  7900 | recent=14.28 | best=14.28
H-Rep rollout  8000 | recent=14.28 | best=14.28
[H-rep] checkpoint saved → ep=8000
H-Rep rollout  8100 | recent=14.28 | best=14.28
H-Rep rollout  8200 | recent=14.28 | best=14.28
H-Rep rollout  8300 | recent=14.28 | best=14.28
H-Rep rollout  8400 | recent=12.87 | best=14.28
H-Rep rollout  8500 | recent=14.28 | best=14.28
[H-rep] checkpoint saved → ep=8500
H-Rep rollout  8600 | recent=14.28 | best=14.28
H-Rep rollout  8700 | recent=14.28 | best=14.28
H-Rep rollout  8800 | recent=14.28 | best=14.28
H-Rep rollout  8900 | recent=14.28 | best=14.28
H-Rep rollout  9000 | recent=14.28 | best=14.28
[H-rep] checkpoint saved → ep=9000
H-Rep rollout  9100 | recent=14.28 | best=14.28
H-Rep rollout  9200 | recent=14.28 | best=14.28
H-Rep rollout  9300 | recent=14.28 | best=14.28
H-Rep rollout  9400 | recent=14.28 | best=14.28
H-Rep rollout  9500 | recent=14.27 | best=14.28
[H-rep] checkpoint saved → ep=9500
H-Rep rollout  9600 | recent=14.28 | best=14.28
H-Rep rollout  9700 | recent=14.28 | best=14.28
H-Rep rollout  9800 | recent=14.28 | best=14.28
H-Rep rollout  9900 | recent=14.28 | best=14.28
H-Rep rollout 10000 | recent=14.28 | best=14.28
[H-rep] checkpoint saved → ep=10000
H-Rep rollout 10100 | recent=14.28 | best=14.28
H-Rep rollout 10200 | recent=14.28 | best=14.28
H-Rep rollout 10300 | recent=14.28 | best=14.28
H-Rep rollout 10400 | recent=14.28 | best=14.28
H-Rep rollout 10500 | recent=14.28 | best=14.28
[H-rep] checkpoint saved → ep=10500
H-Rep rollout 10600 | recent=14.28 | best=14.28
H-Rep rollout 10700 | recent=14.28 | best=14.28
H-Rep rollout 10800 | recent=14.28 | best=14.28
H-Rep rollout 10900 | recent=14.28 | best=14.28
H-Rep rollout 11000 | recent=14.28 | best=14.28
[H-rep] checkpoint saved → ep=11000
H-Rep rollout 11100 | recent=14.28 | best=14.28
H-Rep rollout 11200 | recent=14.28 | best=14.28
H-Rep rollout 11300 | recent=14.28 | best=14.28
H-Rep rollout 11400 | recent=14.28 | best=14.28
H-Rep rollout 11500 | recent=14.28 | best=14.28
[H-rep] checkpoint saved → ep=11500
H-Rep rollout 11600 | recent=14.28 | best=14.28
H-Rep rollout 11700 | recent=14.28 | best=14.28
H-Rep rollout 11800 | recent=14.28 | best=14.28
H-Rep rollout 11900 | recent=14.28 | best=14.28
H-Rep rollout 12000 | recent=14.28 | best=14.28
[H-rep] checkpoint saved → ep=12000
H-Rep rollout 12100 | recent=14.28 | best=14.28
H-Rep rollout 12200 | recent=14.28 | best=14.28
H-Rep rollout 12300 | recent=14.28 | best=14.28
H-Rep rollout 12400 | recent=14.28 | best=14.28
H-Rep rollout 12500 | recent=14.28 | best=14.28
[H-rep] checkpoint saved → ep=12500
H-Rep rollout 12600 | recent=14.28 | best=14.28
H-Rep rollout 12700 | recent=14.28 | best=14.28
H-Rep rollout 12800 | recent=14.28 | best=14.28
H-Rep rollout 12900 | recent=14.28 | best=14.28
H-Rep rollout 13000 | recent=14.28 | best=14.28
[H-rep] checkpoint saved → ep=13000
H-Rep rollout 13100 | recent=14.28 | best=14.28
H-Rep rollout 13200 | recent=14.28 | best=14.28
H-Rep rollout 13300 | recent=14.28 | best=14.28
H-Rep rollout 13400 | recent=14.28 | best=14.28
H-Rep rollout 13500 | recent=14.28 | best=14.28
[H-rep] checkpoint saved → ep=13500
H-Rep rollout 13600 | recent=14.28 | best=14.28
H-Rep rollout 13700 | recent=14.28 | best=14.28
H-Rep rollout 13800 | recent=14.28 | best=14.28
H-Rep rollout 13900 | recent=14.28 | best=14.28
H-Rep rollout 14000 | recent=14.28 | best=14.28
[H-rep] checkpoint saved → ep=14000
H-Rep rollout 14100 | recent=14.28 | best=14.28
H-Rep rollout 14200 | recent=14.28 | best=14.28
H-Rep rollout 14300 | recent=14.28 | best=14.28
H-Rep rollout 14400 | recent=14.28 | best=14.28
H-Rep rollout 14500 | recent=14.28 | best=14.28
[H-rep] checkpoint saved → ep=14500
H-Rep rollout 14600 | recent=14.28 | best=14.28
H-Rep rollout 14700 | recent=14.28 | best=14.28
H-Rep rollout 14800 | recent=14.28 | best=14.28
H-Rep rollout 14900 | recent=14.28 | best=14.28
H-Rep rollout 15000 | recent=14.28 | best=14.28
[H-rep] checkpoint saved → ep=15000
H-Rep rollout 15100 | recent=14.28 | best=14.28
H-Rep rollout 15200 | recent=14.28 | best=14.28
H-Rep rollout 15300 | recent=14.28 | best=14.28
H-Rep rollout 15400 | recent=14.28 | best=14.28
H-Rep rollout 15500 | recent=14.28 | best=14.28
[H-rep] checkpoint saved → ep=15500
H-Rep rollout 15600 | recent=14.28 | best=14.28
H-Rep rollout 15700 | recent=14.28 | best=14.28
H-Rep rollout 15800 | recent=14.28 | best=14.28
H-Rep rollout 15900 | recent=14.28 | best=14.28
H-Rep rollout 16000 | recent=14.28 | best=14.28
[H-rep] checkpoint saved → ep=16000
H-Rep rollout 16100 | recent=14.28 | best=14.28
H-Rep rollout 16200 | recent=14.28 | best=14.28
H-Rep rollout 16300 | recent=14.28 | best=14.28
H-Rep rollout 16400 | recent=14.28 | best=14.28
H-Rep rollout 16500 | recent=14.28 | best=14.28
[H-rep] checkpoint saved → ep=16500
H-Rep rollout 16600 | recent=14.28 | best=14.28
H-Rep rollout 16700 | recent=14.28 | best=14.28
H-Rep rollout 16800 | recent=14.28 | best=14.28
H-Rep rollout 16900 | recent=14.28 | best=14.28
H-Rep rollout 17000 | recent=-0.05 | best=14.28
[H-rep] checkpoint saved → ep=17000
H-Rep rollout 17100 | recent=-0.04 | best=14.28
H-Rep rollout 17200 | recent=14.28 | best=14.28
H-Rep rollout 17300 | recent=14.28 | best=14.28
H-Rep rollout 17400 | recent=14.28 | best=14.28
H-Rep rollout 17500 | recent=14.28 | best=14.28
[H-rep] checkpoint saved → ep=17500
H-Rep rollout 17600 | recent=14.28 | best=14.28
H-Rep rollout 17700 | recent=14.28 | best=14.28
H-Rep rollout 17800 | recent=14.28 | best=14.28
H-Rep rollout 17900 | recent=14.28 | best=14.28
H-Rep rollout 18000 | recent=14.28 | best=14.28
[H-rep] checkpoint saved → ep=18000
H-Rep rollout 18100 | recent=14.28 | best=14.28
H-Rep rollout 18200 | recent=14.28 | best=14.28
H-Rep rollout 18300 | recent=14.28 | best=14.28
H-Rep rollout 18400 | recent=14.28 | best=14.28
H-Rep rollout 18500 | recent=14.28 | best=14.28
[H-rep] checkpoint saved → ep=18500
H-Rep rollout 18600 | recent=14.28 | best=14.28
H-Rep rollout 18700 | recent=14.28 | best=14.28
H-Rep rollout 18800 | recent=14.28 | best=14.28
H-Rep rollout 18900 | recent=14.28 | best=14.28
H-Rep rollout 19000 | recent=14.28 | best=14.28
[H-rep] checkpoint saved → ep=19000
H-Rep rollout 19100 | recent=14.28 | best=14.28
H-Rep rollout 19200 | recent=14.28 | best=14.28
H-Rep rollout 19300 | recent=14.28 | best=14.28
H-Rep rollout 19400 | recent=14.28 | best=14.28
H-Rep rollout 19500 | recent=14.28 | best=14.28
[H-rep] checkpoint saved → ep=19500
H-Rep rollout 19600 | recent=14.28 | best=14.28
H-Rep rollout 19700 | recent=14.28 | best=14.28
H-Rep rollout 19800 | recent=14.28 | best=14.28
H-Rep rollout 19900 | recent=14.28 | best=14.28
H-Rep rollout 20000 | recent=14.28 | best=14.28
[H-rep] checkpoint saved → ep=20000
H-Rep rollout 20100 | recent=14.28 | best=14.28
H-Rep rollout 20200 | recent=14.28 | best=14.28
H-Rep rollout 20300 | recent=14.28 | best=14.28
H-Rep rollout 20400 | recent=14.28 | best=14.28
H-Rep rollout 20500 | recent=14.28 | best=14.28
[H-rep] checkpoint saved → ep=20500
H-Rep rollout 20600 | recent=14.28 | best=14.28
H-Rep rollout 20700 | recent=14.28 | best=14.28
H-Rep rollout 20800 | recent=14.28 | best=14.28
H-Rep rollout 20900 | recent=14.28 | best=14.28
H-Rep rollout 21000 | recent=14.28 | best=14.28
[H-rep] checkpoint saved → ep=21000
H-Rep rollout 21100 | recent=14.28 | best=14.28
H-Rep rollout 21200 | recent=14.28 | best=14.28
H-Rep rollout 21300 | recent=14.28 | best=14.28
H-Rep rollout 21400 | recent=14.28 | best=14.28
H-Rep rollout 21500 | recent=14.28 | best=14.28
[H-rep] checkpoint saved → ep=21500
H-Rep rollout 21600 | recent=14.28 | best=14.28
H-Rep rollout 21700 | recent=14.28 | best=14.28
H-Rep rollout 21800 | recent=14.28 | best=14.28
H-Rep rollout 21900 | recent=14.28 | best=14.28
H-Rep rollout 22000 | recent=14.28 | best=14.28
[H-rep] checkpoint saved → ep=22000
H-Rep rollout 22100 | recent=14.28 | best=14.28
H-Rep rollout 22200 | recent=14.28 | best=14.28
H-Rep rollout 22300 | recent=14.28 | best=14.28
H-Rep rollout 22400 | recent=14.28 | best=14.28
H-Rep rollout 22500 | recent=14.28 | best=14.28
[H-rep] checkpoint saved → ep=22500
H-Rep rollout 22600 | recent=14.28 | best=14.28
H-Rep rollout 22700 | recent=14.28 | best=14.28
H-Rep rollout 22800 | recent=14.28 | best=14.28
H-Rep rollout 22900 | recent=14.28 | best=14.28
H-Rep rollout 23000 | recent=14.28 | best=14.28
[H-rep] checkpoint saved → ep=23000
H-Rep rollout 23100 | recent=14.28 | best=14.28
H-Rep rollout 23200 | recent=14.28 | best=14.28
H-Rep rollout 23300 | recent=14.28 | best=14.28
H-Rep rollout 23400 | recent=14.28 | best=14.28
H-Rep rollout 23500 | recent=14.28 | best=14.28
[H-rep] checkpoint saved → ep=23500
H-Rep rollout 23600 | recent=14.28 | best=14.28
H-Rep rollout 23700 | recent=14.28 | best=14.28
H-Rep rollout 23800 | recent=14.28 | best=14.28
H-Rep rollout 23900 | recent=14.28 | best=14.28
H-Rep rollout 24000 | recent=14.27 | best=14.28
[H-rep] checkpoint saved → ep=24000
H-Rep rollout 24100 | recent=14.28 | best=14.28
H-Rep rollout 24200 | recent=14.28 | best=14.28
H-Rep rollout 24300 | recent=14.28 | best=14.28
H-Rep rollout 24400 | recent=14.28 | best=14.28
H-Rep rollout 24500 | recent=14.28 | best=14.28
[H-rep] checkpoint saved → ep=24500
H-Rep rollout 24600 | recent=14.28 | best=14.28
H-Rep rollout 24700 | recent=14.28 | best=14.28
H-Rep rollout 24800 | recent=14.28 | best=14.28
H-Rep rollout 24900 | recent=14.28 | best=14.28
H-Rep rollout 25000 | recent=14.28 | best=14.28
[H-rep] checkpoint saved → ep=25000
H-Rep rollout 25100 | recent=14.28 | best=14.28
H-Rep rollout 25200 | recent=14.28 | best=14.28
H-Rep rollout 25300 | recent=14.28 | best=14.28
H-Rep rollout 25400 | recent=14.28 | best=14.28
H-Rep rollout 25500 | recent=14.28 | best=14.28
[H-rep] checkpoint saved → ep=25500
H-Rep rollout 25600 | recent=14.28 | best=14.28
H-Rep rollout 25700 | recent=14.28 | best=14.28
H-Rep rollout 25800 | recent=14.28 | best=14.28
H-Rep rollout 25900 | recent=14.28 | best=14.28
H-Rep rollout 26000 | recent=14.28 | best=14.28
[H-rep] checkpoint saved → ep=26000
H-Rep rollout 26100 | recent=14.28 | best=14.28
H-Rep rollout 26200 | recent=14.28 | best=14.28
H-Rep rollout 26300 | recent=14.28 | best=14.28
H-Rep rollout 26400 | recent=14.28 | best=14.28
H-Rep rollout 26500 | recent=14.28 | best=14.28
[H-rep] checkpoint saved → ep=26500
H-Rep rollout 26600 | recent=14.28 | best=14.28
H-Rep rollout 26700 | recent=14.28 | best=14.28
H-Rep rollout 26800 | recent=14.28 | best=14.28
H-Rep rollout 26900 | recent=14.28 | best=14.28
H-Rep rollout 27000 | recent=14.28 | best=14.28
[H-rep] checkpoint saved → ep=27000
H-Rep rollout 27100 | recent=14.28 | best=14.28
H-Rep rollout 27200 | recent=14.28 | best=14.28
H-Rep rollout 27300 | recent=14.28 | best=14.28
H-Rep rollout 27400 | recent=14.28 | best=14.28
H-Rep rollout 27500 | recent=14.28 | best=14.28
[H-rep] checkpoint saved → ep=27500
H-Rep rollout 27600 | recent=14.28 | best=14.28
H-Rep rollout 27700 | recent=14.28 | best=14.28
H-Rep rollout 27800 | recent=0.54 | best=14.28
H-Rep rollout 27900 | recent=14.28 | best=14.28
H-Rep rollout 28000 | recent=14.28 | best=14.28
[H-rep] checkpoint saved → ep=28000
H-Rep rollout 28100 | recent=14.28 | best=14.28
H-Rep rollout 28200 | recent=14.28 | best=14.28
H-Rep rollout 28300 | recent=14.28 | best=14.28
H-Rep rollout 28400 | recent=14.28 | best=14.28
H-Rep rollout 28500 | recent=14.28 | best=14.28
[H-rep] checkpoint saved → ep=28500
H-Rep rollout 28600 | recent=14.28 | best=14.28
H-Rep rollout 28700 | recent=14.28 | best=14.28
H-Rep rollout 28800 | recent=14.28 | best=14.28
H-Rep rollout 28900 | recent=14.28 | best=14.28
H-Rep rollout 29000 | recent=14.28 | best=14.28
[H-rep] checkpoint saved → ep=29000
H-Rep rollout 29100 | recent=14.28 | best=14.28
H-Rep rollout 29200 | recent=14.28 | best=14.28
H-Rep rollout 29300 | recent=14.28 | best=14.28
H-Rep rollout 29400 | recent=14.28 | best=14.28
H-Rep rollout 29500 | recent=14.28 | best=14.28
[H-rep] checkpoint saved → ep=29500
H-Rep rollout 29600 | recent=14.28 | best=14.28
H-Rep rollout 29700 | recent=14.28 | best=14.28
H-Rep rollout 29800 | recent=14.28 | best=14.28
H-Rep rollout 29900 | recent=14.28 | best=14.28
[H-rep] checkpoint saved → ep=29999
[H-rep] Done. Models saved to checkpoints/hrep/
